/Users/rahulch/Downloads/AdvancedPython//Multilevel_inheritance.py
/Users/rahulch/Downloads/AdvancedPython//FileHandle.py
/Users/rahulch/Downloads/AdvancedPython//tempCodeRunnerFile.py
/Users/rahulch/Downloads/AdvancedPython//logVendorDetails.log
/Users/rahulch/Downloads/AdvancedPython//SubstituteEx.py
/Users/rahulch/Downloads/AdvancedPython//vendorClass.pyc
/Users/rahulch/Downloads/AdvancedPython//regexFile.txt
/Users/rahulch/Downloads/AdvancedPython//temp.csv
/Users/rahulch/Downloads/AdvancedPython//remote_temp.txt
/Users/rahulch/Downloads/AdvancedPython//connectHandler.py
/Users/rahulch/Downloads/AdvancedPython//.DS_Store
/Users/rahulch/Downloads/AdvancedPython//regexOnOsModue.py
/Users/rahulch/Downloads/AdvancedPython//scriptProgram2.py
/Users/rahulch/Downloads/AdvancedPython//scriptProgramOutput.sh
/Users/rahulch/Downloads/AdvancedPython//get-pip.py
/Users/rahulch/Downloads/AdvancedPython//Substitute.py
/Users/rahulch/Downloads/AdvancedPython//vendorClass.py
/Users/rahulch/Downloads/AdvancedPython//DbConnection.py
/Users/rahulch/Downloads/AdvancedPython//regexSplitex.py
/Users/rahulch/Downloads/AdvancedPython//newproperty.txt
/Users/rahulch/Downloads/AdvancedPython//DiffMethodsOfClass.py
/Users/rahulch/Downloads/AdvancedPython//multiple_inheritance.py
/Users/rahulch/Downloads/AdvancedPython//sheelscript.py
/Users/rahulch/Downloads/AdvancedPython//perlToPython.pl
/Users/rahulch/Downloads/AdvancedPython//socketpro.py
/Users/rahulch/Downloads/AdvancedPython//Subprocess.py
/Users/rahulch/Downloads/AdvancedPython//privateClassMethods.py
/Users/rahulch/Downloads/AdvancedPython//p1.log
/Users/rahulch/Downloads/AdvancedPython//sytemcommands_moveCMD.py
/Users/rahulch/Downloads/AdvancedPython//intreactingwithWeb.py
/Users/rahulch/Downloads/AdvancedPython//shellscript.sh
/Users/rahulch/Downloads/AdvancedPython//process_cpct_defintions.log
/Users/rahulch/Downloads/AdvancedPython//DbTask.py
/Users/rahulch/Downloads/AdvancedPython//PlayArea.py
/Users/rahulch/Downloads/AdvancedPython//cpct_definitions.log
/Users/rahulch/Downloads/AdvancedPython//threadingClass.py
/Users/rahulch/Downloads/AdvancedPython//sheelscript.pyc
/Users/rahulch/Downloads/AdvancedPython//AbstractClass.py
/Users/rahulch/Downloads/AdvancedPython//regexSplit.py
/Users/rahulch/Downloads/AdvancedPython//classMethodDecorator.py
/Users/rahulch/Downloads/AdvancedPython//temp.txt
/Users/rahulch/Downloads/AdvancedPython//cpct_definitions.dat
/Users/rahulch/Downloads/AdvancedPython//GettersSetters.py
/Users/rahulch/Downloads/AdvancedPython//VendorClassObjs.py
/Users/rahulch/Downloads/AdvancedPython//jenkins_script.py
/Users/rahulch/Downloads/AdvancedPython//FirstDay.py
/Users/rahulch/Downloads/AdvancedPython//secondClass.py
/Users/rahulch/Downloads/AdvancedPython//temp.py
/Users/rahulch/Downloads/AdvancedPython//firstClass.py
/Users/rahulch/Downloads/AdvancedPython//Overrinding.py
/Users/rahulch/Downloads/AdvancedPython//remote_machine.py
/Users/rahulch/Downloads/AdvancedPython//ContextBased.py
/Users/rahulch/Downloads/AdvancedPython//scriptProgram.sh
/Users/rahulch/Downloads/AdvancedPython//Flaskapp.py
/Users/rahulch/Downloads/AdvancedPython//SubstituteEx1.txt
/Users/rahulch/Downloads/AdvancedPython//DbTask.db
/Users/rahulch/Downloads/AdvancedPython//property.txt
/Users/rahulch/Downloads/AdvancedPython//Test.db
/Users/rahulch/Downloads/AdvancedPython//SubstituteEx.txt
/Users/rahulch/Downloads/AdvancedPython//regexSplitex.txt
/Users/rahulch/Downloads/AdvancedPython//process_cpct_defintions.sh
/Users/rahulch/Downloads/AdvancedPython//filesInDir.log
/Users/rahulch/Downloads/AdvancedPython//EmployeeClass.py
/Users/rahulch/Downloads/AdvancedPython//remote_machine_env.sh
/Users/rahulch/Downloads/AdvancedPython//DbInputfie.txt
/Users/rahulch/Downloads/AdvancedPython//classwithCons.py
/Users/rahulch/Downloads/AdvancedPython//output.txt
/Users/rahulch/Downloads/AdvancedPython//regex.py
/Users/rahulch/Downloads/AdvancedPython//scriptProgramLog.log
